[2023-09-03T17:53:03.137+0000] {processor.py:157} INFO - Started process (PID=3881) to work on /opt/airflow/dags/dag.py
[2023-09-03T17:53:03.138+0000] {processor.py:829} INFO - Processing file /opt/airflow/dags/dag.py for tasks to queue
[2023-09-03T17:53:03.139+0000] {logging_mixin.py:151} INFO - [2023-09-03T17:53:03.139+0000] {dagbag.py:539} INFO - Filling up the DagBag from /opt/airflow/dags/dag.py
[2023-09-03T17:53:03.164+0000] {processor.py:839} INFO - DAG(s) dict_keys(['test']) retrieved from /opt/airflow/dags/dag.py
[2023-09-03T17:53:03.175+0000] {logging_mixin.py:151} INFO - [2023-09-03T17:53:03.175+0000] {dag.py:2907} INFO - Sync 1 DAGs
[2023-09-03T17:53:03.196+0000] {logging_mixin.py:151} INFO - [2023-09-03T17:53:03.196+0000] {dag.py:3677} INFO - Setting next_dagrun for test to 2023-09-04T00:00:00+00:00, run_after=2023-09-05T00:00:00+00:00
[2023-09-03T17:53:03.213+0000] {processor.py:179} INFO - Processing /opt/airflow/dags/dag.py took 0.080 seconds
[2023-09-03T17:53:09.215+0000] {processor.py:157} INFO - Started process (PID=3886) to work on /opt/airflow/dags/dag.py
[2023-09-03T17:53:09.217+0000] {processor.py:829} INFO - Processing file /opt/airflow/dags/dag.py for tasks to queue
[2023-09-03T17:53:09.219+0000] {logging_mixin.py:151} INFO - [2023-09-03T17:53:09.219+0000] {dagbag.py:539} INFO - Filling up the DagBag from /opt/airflow/dags/dag.py
[2023-09-03T17:53:09.236+0000] {processor.py:839} INFO - DAG(s) dict_keys(['test']) retrieved from /opt/airflow/dags/dag.py
[2023-09-03T17:53:09.246+0000] {logging_mixin.py:151} INFO - [2023-09-03T17:53:09.246+0000] {dag.py:2907} INFO - Sync 1 DAGs
[2023-09-03T17:53:09.263+0000] {logging_mixin.py:151} INFO - [2023-09-03T17:53:09.263+0000] {dag.py:3677} INFO - Setting next_dagrun for test to 2023-09-03T00:00:00+00:00, run_after=2023-09-04T00:00:00+00:00
[2023-09-03T17:53:09.278+0000] {processor.py:179} INFO - Processing /opt/airflow/dags/dag.py took 0.071 seconds
[2023-09-03T17:53:25.368+0000] {processor.py:157} INFO - Started process (PID=3903) to work on /opt/airflow/dags/dag.py
[2023-09-03T17:53:25.369+0000] {processor.py:829} INFO - Processing file /opt/airflow/dags/dag.py for tasks to queue
[2023-09-03T17:53:25.370+0000] {logging_mixin.py:151} INFO - [2023-09-03T17:53:25.370+0000] {dagbag.py:539} INFO - Filling up the DagBag from /opt/airflow/dags/dag.py
[2023-09-03T17:53:25.386+0000] {processor.py:839} INFO - DAG(s) dict_keys(['test']) retrieved from /opt/airflow/dags/dag.py
[2023-09-03T17:53:25.473+0000] {logging_mixin.py:151} INFO - [2023-09-03T17:53:25.473+0000] {dag.py:2907} INFO - Sync 1 DAGs
[2023-09-03T17:53:25.491+0000] {logging_mixin.py:151} INFO - [2023-09-03T17:53:25.491+0000] {dag.py:3677} INFO - Setting next_dagrun for test to 2023-09-03T00:31:00+00:00, run_after=2023-09-03T00:32:00+00:00
[2023-09-03T17:53:25.507+0000] {processor.py:179} INFO - Processing /opt/airflow/dags/dag.py took 0.142 seconds
[2023-09-03T17:53:55.644+0000] {processor.py:157} INFO - Started process (PID=4112) to work on /opt/airflow/dags/dag.py
[2023-09-03T17:53:55.645+0000] {processor.py:829} INFO - Processing file /opt/airflow/dags/dag.py for tasks to queue
[2023-09-03T17:53:55.647+0000] {logging_mixin.py:151} INFO - [2023-09-03T17:53:55.646+0000] {dagbag.py:539} INFO - Filling up the DagBag from /opt/airflow/dags/dag.py
[2023-09-03T17:53:55.676+0000] {processor.py:839} INFO - DAG(s) dict_keys(['test']) retrieved from /opt/airflow/dags/dag.py
[2023-09-03T17:53:55.722+0000] {logging_mixin.py:151} INFO - [2023-09-03T17:53:55.722+0000] {dag.py:2907} INFO - Sync 1 DAGs
[2023-09-03T17:53:55.761+0000] {logging_mixin.py:151} INFO - [2023-09-03T17:53:55.761+0000] {dag.py:3677} INFO - Setting next_dagrun for test to 2023-09-03T01:20:00+00:00, run_after=2023-09-03T01:21:00+00:00
[2023-09-03T17:53:55.792+0000] {processor.py:179} INFO - Processing /opt/airflow/dags/dag.py took 0.154 seconds
[2023-09-03T17:54:26.088+0000] {processor.py:157} INFO - Started process (PID=4348) to work on /opt/airflow/dags/dag.py
[2023-09-03T17:54:26.090+0000] {processor.py:829} INFO - Processing file /opt/airflow/dags/dag.py for tasks to queue
[2023-09-03T17:54:26.091+0000] {logging_mixin.py:151} INFO - [2023-09-03T17:54:26.091+0000] {dagbag.py:539} INFO - Filling up the DagBag from /opt/airflow/dags/dag.py
[2023-09-03T17:54:26.120+0000] {processor.py:839} INFO - DAG(s) dict_keys(['test']) retrieved from /opt/airflow/dags/dag.py
[2023-09-03T17:54:26.162+0000] {logging_mixin.py:151} INFO - [2023-09-03T17:54:26.161+0000] {dag.py:2907} INFO - Sync 1 DAGs
[2023-09-03T17:54:26.204+0000] {logging_mixin.py:151} INFO - [2023-09-03T17:54:26.203+0000] {dag.py:3677} INFO - Setting next_dagrun for test to 2023-09-03T02:13:00+00:00, run_after=2023-09-03T02:14:00+00:00
[2023-09-03T17:54:26.230+0000] {processor.py:179} INFO - Processing /opt/airflow/dags/dag.py took 0.147 seconds
[2023-09-03T17:54:37.249+0000] {processor.py:157} INFO - Started process (PID=4410) to work on /opt/airflow/dags/dag.py
[2023-09-03T17:54:37.253+0000] {processor.py:829} INFO - Processing file /opt/airflow/dags/dag.py for tasks to queue
[2023-09-03T17:54:37.255+0000] {logging_mixin.py:151} INFO - [2023-09-03T17:54:37.254+0000] {dagbag.py:539} INFO - Filling up the DagBag from /opt/airflow/dags/dag.py
[2023-09-03T17:54:37.274+0000] {logging_mixin.py:151} INFO - [2023-09-03T17:54:37.272+0000] {dagbag.py:347} ERROR - Failed to import: /opt/airflow/dags/dag.py
Traceback (most recent call last):
  File "/home/airflow/.local/lib/python3.8/site-packages/airflow/models/dagbag.py", line 343, in parse
    loader.exec_module(new_module)
  File "<frozen importlib._bootstrap_external>", line 843, in exec_module
  File "<frozen importlib._bootstrap>", line 219, in _call_with_frames_removed
  File "/opt/airflow/dags/dag.py", line 14, in <module>
    default_args=default_args,
NameError: name 'default_args' is not defined
[2023-09-03T17:54:37.275+0000] {processor.py:841} WARNING - No viable dags retrieved from /opt/airflow/dags/dag.py
[2023-09-03T17:54:37.390+0000] {processor.py:179} INFO - Processing /opt/airflow/dags/dag.py took 0.147 seconds
[2023-09-03T17:55:07.484+0000] {processor.py:157} INFO - Started process (PID=4433) to work on /opt/airflow/dags/dag.py
[2023-09-03T17:55:07.486+0000] {processor.py:829} INFO - Processing file /opt/airflow/dags/dag.py for tasks to queue
[2023-09-03T17:55:07.488+0000] {logging_mixin.py:151} INFO - [2023-09-03T17:55:07.487+0000] {dagbag.py:539} INFO - Filling up the DagBag from /opt/airflow/dags/dag.py
[2023-09-03T17:55:07.497+0000] {logging_mixin.py:151} INFO - [2023-09-03T17:55:07.496+0000] {dagbag.py:347} ERROR - Failed to import: /opt/airflow/dags/dag.py
Traceback (most recent call last):
  File "/home/airflow/.local/lib/python3.8/site-packages/airflow/models/dagbag.py", line 343, in parse
    loader.exec_module(new_module)
  File "<frozen importlib._bootstrap_external>", line 843, in exec_module
  File "<frozen importlib._bootstrap>", line 219, in _call_with_frames_removed
  File "/opt/airflow/dags/dag.py", line 14, in <module>
    default_args=default_args,
NameError: name 'default_args' is not defined
[2023-09-03T17:55:07.498+0000] {processor.py:841} WARNING - No viable dags retrieved from /opt/airflow/dags/dag.py
[2023-09-03T17:55:07.514+0000] {processor.py:179} INFO - Processing /opt/airflow/dags/dag.py took 0.038 seconds
[2023-09-03T17:55:37.714+0000] {processor.py:157} INFO - Started process (PID=4451) to work on /opt/airflow/dags/dag.py
[2023-09-03T17:55:37.715+0000] {processor.py:829} INFO - Processing file /opt/airflow/dags/dag.py for tasks to queue
[2023-09-03T17:55:37.716+0000] {logging_mixin.py:151} INFO - [2023-09-03T17:55:37.715+0000] {dagbag.py:539} INFO - Filling up the DagBag from /opt/airflow/dags/dag.py
[2023-09-03T17:55:37.722+0000] {logging_mixin.py:151} INFO - [2023-09-03T17:55:37.721+0000] {dagbag.py:347} ERROR - Failed to import: /opt/airflow/dags/dag.py
Traceback (most recent call last):
  File "/home/airflow/.local/lib/python3.8/site-packages/airflow/models/dagbag.py", line 343, in parse
    loader.exec_module(new_module)
  File "<frozen importlib._bootstrap_external>", line 843, in exec_module
  File "<frozen importlib._bootstrap>", line 219, in _call_with_frames_removed
  File "/opt/airflow/dags/dag.py", line 14, in <module>
    default_args=default_args,
NameError: name 'default_args' is not defined
[2023-09-03T17:55:37.723+0000] {processor.py:841} WARNING - No viable dags retrieved from /opt/airflow/dags/dag.py
[2023-09-03T17:55:37.738+0000] {processor.py:179} INFO - Processing /opt/airflow/dags/dag.py took 0.027 seconds
[2023-09-03T17:56:06.902+0000] {processor.py:157} INFO - Started process (PID=4468) to work on /opt/airflow/dags/dag.py
[2023-09-03T17:56:06.903+0000] {processor.py:829} INFO - Processing file /opt/airflow/dags/dag.py for tasks to queue
[2023-09-03T17:56:06.904+0000] {logging_mixin.py:151} INFO - [2023-09-03T17:56:06.903+0000] {dagbag.py:539} INFO - Filling up the DagBag from /opt/airflow/dags/dag.py
[2023-09-03T17:56:06.911+0000] {logging_mixin.py:151} INFO - [2023-09-03T17:56:06.910+0000] {dagbag.py:347} ERROR - Failed to import: /opt/airflow/dags/dag.py
Traceback (most recent call last):
  File "/home/airflow/.local/lib/python3.8/site-packages/airflow/models/dagbag.py", line 343, in parse
    loader.exec_module(new_module)
  File "<frozen importlib._bootstrap_external>", line 843, in exec_module
  File "<frozen importlib._bootstrap>", line 219, in _call_with_frames_removed
  File "/opt/airflow/dags/dag.py", line 14, in <module>
    default_args=default_args,
NameError: name 'default_args' is not defined
[2023-09-03T17:56:06.912+0000] {processor.py:841} WARNING - No viable dags retrieved from /opt/airflow/dags/dag.py
[2023-09-03T17:56:06.926+0000] {processor.py:179} INFO - Processing /opt/airflow/dags/dag.py took 0.027 seconds
[2023-09-03T17:56:11.963+0000] {processor.py:157} INFO - Started process (PID=4480) to work on /opt/airflow/dags/dag.py
[2023-09-03T17:56:11.964+0000] {processor.py:829} INFO - Processing file /opt/airflow/dags/dag.py for tasks to queue
[2023-09-03T17:56:11.965+0000] {logging_mixin.py:151} INFO - [2023-09-03T17:56:11.964+0000] {dagbag.py:539} INFO - Filling up the DagBag from /opt/airflow/dags/dag.py
[2023-09-03T17:56:11.974+0000] {logging_mixin.py:151} INFO - [2023-09-03T17:56:11.973+0000] {dagbag.py:347} ERROR - Failed to import: /opt/airflow/dags/dag.py
Traceback (most recent call last):
  File "/home/airflow/.local/lib/python3.8/site-packages/airflow/models/dagbag.py", line 343, in parse
    loader.exec_module(new_module)
  File "<frozen importlib._bootstrap_external>", line 843, in exec_module
  File "<frozen importlib._bootstrap>", line 219, in _call_with_frames_removed
  File "/opt/airflow/dags/dag.py", line 14, in <module>
    default_args=default_args,
NameError: name 'default_args' is not defined
[2023-09-03T17:56:11.974+0000] {processor.py:841} WARNING - No viable dags retrieved from /opt/airflow/dags/dag.py
[2023-09-03T17:56:11.987+0000] {processor.py:179} INFO - Processing /opt/airflow/dags/dag.py took 0.030 seconds
[2023-09-03T17:56:20.017+0000] {processor.py:157} INFO - Started process (PID=4485) to work on /opt/airflow/dags/dag.py
[2023-09-03T17:56:20.018+0000] {processor.py:829} INFO - Processing file /opt/airflow/dags/dag.py for tasks to queue
[2023-09-03T17:56:20.019+0000] {logging_mixin.py:151} INFO - [2023-09-03T17:56:20.019+0000] {dagbag.py:539} INFO - Filling up the DagBag from /opt/airflow/dags/dag.py
[2023-09-03T17:56:20.026+0000] {logging_mixin.py:151} INFO - [2023-09-03T17:56:20.026+0000] {dagbag.py:347} ERROR - Failed to import: /opt/airflow/dags/dag.py
Traceback (most recent call last):
  File "/home/airflow/.local/lib/python3.8/site-packages/airflow/models/dagbag.py", line 343, in parse
    loader.exec_module(new_module)
  File "<frozen importlib._bootstrap_external>", line 843, in exec_module
  File "<frozen importlib._bootstrap>", line 219, in _call_with_frames_removed
  File "/opt/airflow/dags/dag.py", line 14, in <module>
    default_args=default_args,
NameError: name 'default_args' is not defined
[2023-09-03T17:56:20.027+0000] {processor.py:841} WARNING - No viable dags retrieved from /opt/airflow/dags/dag.py
[2023-09-03T17:56:20.042+0000] {processor.py:179} INFO - Processing /opt/airflow/dags/dag.py took 0.027 seconds
[2023-09-03T17:56:37.175+0000] {processor.py:157} INFO - Started process (PID=4495) to work on /opt/airflow/dags/dag.py
[2023-09-03T17:56:37.176+0000] {processor.py:829} INFO - Processing file /opt/airflow/dags/dag.py for tasks to queue
[2023-09-03T17:56:37.177+0000] {logging_mixin.py:151} INFO - [2023-09-03T17:56:37.177+0000] {dagbag.py:539} INFO - Filling up the DagBag from /opt/airflow/dags/dag.py
[2023-09-03T17:56:37.184+0000] {logging_mixin.py:151} INFO - [2023-09-03T17:56:37.183+0000] {dagbag.py:347} ERROR - Failed to import: /opt/airflow/dags/dag.py
Traceback (most recent call last):
  File "/home/airflow/.local/lib/python3.8/site-packages/airflow/models/dagbag.py", line 343, in parse
    loader.exec_module(new_module)
  File "<frozen importlib._bootstrap_external>", line 843, in exec_module
  File "<frozen importlib._bootstrap>", line 219, in _call_with_frames_removed
  File "/opt/airflow/dags/dag.py", line 14, in <module>
    default_args=default_args,
NameError: name 'default_args' is not defined
[2023-09-03T17:56:37.184+0000] {processor.py:841} WARNING - No viable dags retrieved from /opt/airflow/dags/dag.py
[2023-09-03T17:56:37.198+0000] {processor.py:179} INFO - Processing /opt/airflow/dags/dag.py took 0.025 seconds
[2023-09-03T17:57:07.414+0000] {processor.py:157} INFO - Started process (PID=4517) to work on /opt/airflow/dags/dag.py
[2023-09-03T17:57:07.415+0000] {processor.py:829} INFO - Processing file /opt/airflow/dags/dag.py for tasks to queue
[2023-09-03T17:57:07.416+0000] {logging_mixin.py:151} INFO - [2023-09-03T17:57:07.415+0000] {dagbag.py:539} INFO - Filling up the DagBag from /opt/airflow/dags/dag.py
[2023-09-03T17:57:07.431+0000] {logging_mixin.py:151} INFO - [2023-09-03T17:57:07.429+0000] {dagbag.py:347} ERROR - Failed to import: /opt/airflow/dags/dag.py
Traceback (most recent call last):
  File "/home/airflow/.local/lib/python3.8/site-packages/airflow/models/dagbag.py", line 343, in parse
    loader.exec_module(new_module)
  File "<frozen importlib._bootstrap_external>", line 843, in exec_module
  File "<frozen importlib._bootstrap>", line 219, in _call_with_frames_removed
  File "/opt/airflow/dags/dag.py", line 14, in <module>
    default_args=default_args,
NameError: name 'default_args' is not defined
[2023-09-03T17:57:07.432+0000] {processor.py:841} WARNING - No viable dags retrieved from /opt/airflow/dags/dag.py
[2023-09-03T17:57:07.456+0000] {processor.py:179} INFO - Processing /opt/airflow/dags/dag.py took 0.046 seconds
[2023-09-03T17:57:37.630+0000] {processor.py:157} INFO - Started process (PID=4534) to work on /opt/airflow/dags/dag.py
[2023-09-03T17:57:37.631+0000] {processor.py:829} INFO - Processing file /opt/airflow/dags/dag.py for tasks to queue
[2023-09-03T17:57:37.632+0000] {logging_mixin.py:151} INFO - [2023-09-03T17:57:37.632+0000] {dagbag.py:539} INFO - Filling up the DagBag from /opt/airflow/dags/dag.py
[2023-09-03T17:57:37.646+0000] {processor.py:839} INFO - DAG(s) dict_keys(['test']) retrieved from /opt/airflow/dags/dag.py
[2023-09-03T17:57:37.727+0000] {logging_mixin.py:151} INFO - [2023-09-03T17:57:37.727+0000] {dag.py:2907} INFO - Sync 1 DAGs
[2023-09-03T17:57:37.740+0000] {logging_mixin.py:151} INFO - [2023-09-03T17:57:37.740+0000] {dag.py:2929} INFO - Creating ORM DAG for test
[2023-09-03T17:57:37.755+0000] {logging_mixin.py:151} INFO - [2023-09-03T17:57:37.755+0000] {dag.py:3677} INFO - Setting next_dagrun for test to 2023-09-03T00:00:00+00:00, run_after=2023-09-03T00:01:00+00:00
[2023-09-03T17:57:37.776+0000] {processor.py:179} INFO - Processing /opt/airflow/dags/dag.py took 0.148 seconds
[2023-09-03T17:58:07.870+0000] {processor.py:157} INFO - Started process (PID=4743) to work on /opt/airflow/dags/dag.py
[2023-09-03T17:58:07.871+0000] {processor.py:829} INFO - Processing file /opt/airflow/dags/dag.py for tasks to queue
[2023-09-03T17:58:07.872+0000] {logging_mixin.py:151} INFO - [2023-09-03T17:58:07.872+0000] {dagbag.py:539} INFO - Filling up the DagBag from /opt/airflow/dags/dag.py
[2023-09-03T17:58:07.886+0000] {processor.py:839} INFO - DAG(s) dict_keys(['test']) retrieved from /opt/airflow/dags/dag.py
[2023-09-03T17:58:07.909+0000] {logging_mixin.py:151} INFO - [2023-09-03T17:58:07.909+0000] {dag.py:2907} INFO - Sync 1 DAGs
[2023-09-03T17:58:07.930+0000] {logging_mixin.py:151} INFO - [2023-09-03T17:58:07.930+0000] {dag.py:3677} INFO - Setting next_dagrun for test to 2023-09-03T00:47:00+00:00, run_after=2023-09-03T00:48:00+00:00
[2023-09-03T17:58:07.944+0000] {processor.py:179} INFO - Processing /opt/airflow/dags/dag.py took 0.077 seconds
[2023-09-03T17:58:30.286+0000] {processor.py:157} INFO - Started process (PID=4908) to work on /opt/airflow/dags/dag.py
[2023-09-03T17:58:30.288+0000] {processor.py:829} INFO - Processing file /opt/airflow/dags/dag.py for tasks to queue
[2023-09-03T17:58:30.306+0000] {logging_mixin.py:151} INFO - [2023-09-03T17:58:30.301+0000] {dagbag.py:539} INFO - Filling up the DagBag from /opt/airflow/dags/dag.py
[2023-09-03T17:58:30.400+0000] {logging_mixin.py:151} INFO - [2023-09-03T17:58:30.385+0000] {dagbag.py:347} ERROR - Failed to import: /opt/airflow/dags/dag.py
Traceback (most recent call last):
  File "/home/airflow/.local/lib/python3.8/site-packages/airflow/models/dagbag.py", line 343, in parse
    loader.exec_module(new_module)
  File "<frozen importlib._bootstrap_external>", line 843, in exec_module
  File "<frozen importlib._bootstrap>", line 219, in _call_with_frames_removed
  File "/opt/airflow/dags/dag.py", line 35, in <module>
    op_args=[task_getn1.output, task_getn1.output * 2],  # Use the output of 'getn1' as input to 'getn2'
TypeError: unsupported operand type(s) for *: 'PlainXComArg' and 'int'
[2023-09-03T17:58:30.401+0000] {processor.py:841} WARNING - No viable dags retrieved from /opt/airflow/dags/dag.py
[2023-09-03T17:58:30.499+0000] {processor.py:179} INFO - Processing /opt/airflow/dags/dag.py took 0.221 seconds
[2023-09-03T17:58:42.326+0000] {processor.py:157} INFO - Started process (PID=4929) to work on /opt/airflow/dags/dag.py
[2023-09-03T17:58:42.328+0000] {processor.py:829} INFO - Processing file /opt/airflow/dags/dag.py for tasks to queue
[2023-09-03T17:58:42.329+0000] {logging_mixin.py:151} INFO - [2023-09-03T17:58:42.328+0000] {dagbag.py:539} INFO - Filling up the DagBag from /opt/airflow/dags/dag.py
[2023-09-03T17:58:42.341+0000] {logging_mixin.py:151} INFO - [2023-09-03T17:58:42.340+0000] {dagbag.py:347} ERROR - Failed to import: /opt/airflow/dags/dag.py
Traceback (most recent call last):
  File "/home/airflow/.local/lib/python3.8/site-packages/airflow/models/dagbag.py", line 343, in parse
    loader.exec_module(new_module)
  File "<frozen importlib._bootstrap_external>", line 843, in exec_module
  File "<frozen importlib._bootstrap>", line 219, in _call_with_frames_removed
  File "/opt/airflow/dags/dag.py", line 34, in <module>
    op_args=[task_getn1.output, task_getn1.output * 2],  # Use the output of 'getn1' as input to 'getn2'
TypeError: unsupported operand type(s) for *: 'PlainXComArg' and 'int'
[2023-09-03T17:58:42.342+0000] {processor.py:841} WARNING - No viable dags retrieved from /opt/airflow/dags/dag.py
[2023-09-03T17:58:42.357+0000] {processor.py:179} INFO - Processing /opt/airflow/dags/dag.py took 0.035 seconds
[2023-09-03T17:58:45.343+0000] {processor.py:157} INFO - Started process (PID=4934) to work on /opt/airflow/dags/dag.py
[2023-09-03T17:58:45.343+0000] {processor.py:829} INFO - Processing file /opt/airflow/dags/dag.py for tasks to queue
[2023-09-03T17:58:45.345+0000] {logging_mixin.py:151} INFO - [2023-09-03T17:58:45.344+0000] {dagbag.py:539} INFO - Filling up the DagBag from /opt/airflow/dags/dag.py
[2023-09-03T17:58:45.359+0000] {logging_mixin.py:151} INFO - [2023-09-03T17:58:45.358+0000] {dagbag.py:347} ERROR - Failed to import: /opt/airflow/dags/dag.py
Traceback (most recent call last):
  File "/home/airflow/.local/lib/python3.8/site-packages/airflow/models/dagbag.py", line 343, in parse
    loader.exec_module(new_module)
  File "<frozen importlib._bootstrap_external>", line 843, in exec_module
  File "<frozen importlib._bootstrap>", line 219, in _call_with_frames_removed
  File "/opt/airflow/dags/dag.py", line 33, in <module>
    op_args=[task_getn1.output, task_getn1.output * 2],  # Use the output of 'getn1' as input to 'getn2'
TypeError: unsupported operand type(s) for *: 'PlainXComArg' and 'int'
[2023-09-03T17:58:45.360+0000] {processor.py:841} WARNING - No viable dags retrieved from /opt/airflow/dags/dag.py
[2023-09-03T17:58:45.378+0000] {processor.py:179} INFO - Processing /opt/airflow/dags/dag.py took 0.039 seconds
[2023-09-03T17:58:59.507+0000] {processor.py:157} INFO - Started process (PID=4944) to work on /opt/airflow/dags/dag.py
[2023-09-03T17:58:59.508+0000] {processor.py:829} INFO - Processing file /opt/airflow/dags/dag.py for tasks to queue
[2023-09-03T17:58:59.510+0000] {logging_mixin.py:151} INFO - [2023-09-03T17:58:59.509+0000] {dagbag.py:539} INFO - Filling up the DagBag from /opt/airflow/dags/dag.py
[2023-09-03T17:58:59.522+0000] {logging_mixin.py:151} INFO - [2023-09-03T17:58:59.521+0000] {dagbag.py:347} ERROR - Failed to import: /opt/airflow/dags/dag.py
Traceback (most recent call last):
  File "/home/airflow/.local/lib/python3.8/site-packages/airflow/models/dagbag.py", line 343, in parse
    loader.exec_module(new_module)
  File "<frozen importlib._bootstrap_external>", line 843, in exec_module
  File "<frozen importlib._bootstrap>", line 219, in _call_with_frames_removed
  File "/opt/airflow/dags/dag.py", line 35, in <module>
    op_args=[task_getn1.output, task_getn1.output * 2],  # Use the output of 'getn1' as input to 'getn2'
TypeError: unsupported operand type(s) for *: 'PlainXComArg' and 'int'
[2023-09-03T17:58:59.522+0000] {processor.py:841} WARNING - No viable dags retrieved from /opt/airflow/dags/dag.py
[2023-09-03T17:58:59.535+0000] {processor.py:179} INFO - Processing /opt/airflow/dags/dag.py took 0.035 seconds
[2023-09-03T17:59:04.548+0000] {processor.py:157} INFO - Started process (PID=4949) to work on /opt/airflow/dags/dag.py
[2023-09-03T17:59:04.549+0000] {processor.py:829} INFO - Processing file /opt/airflow/dags/dag.py for tasks to queue
[2023-09-03T17:59:04.550+0000] {logging_mixin.py:151} INFO - [2023-09-03T17:59:04.550+0000] {dagbag.py:539} INFO - Filling up the DagBag from /opt/airflow/dags/dag.py
[2023-09-03T17:59:04.562+0000] {logging_mixin.py:151} INFO - [2023-09-03T17:59:04.561+0000] {dagbag.py:347} ERROR - Failed to import: /opt/airflow/dags/dag.py
Traceback (most recent call last):
  File "/home/airflow/.local/lib/python3.8/site-packages/airflow/models/dagbag.py", line 343, in parse
    loader.exec_module(new_module)
  File "<frozen importlib._bootstrap_external>", line 843, in exec_module
  File "<frozen importlib._bootstrap>", line 219, in _call_with_frames_removed
  File "/opt/airflow/dags/dag.py", line 33, in <module>
    op_args=[task_getn1.output, task_getn1.output * 2],  # Use the output of 'getn1' as input to 'getn2'
TypeError: unsupported operand type(s) for *: 'PlainXComArg' and 'int'
[2023-09-03T17:59:04.563+0000] {processor.py:841} WARNING - No viable dags retrieved from /opt/airflow/dags/dag.py
[2023-09-03T17:59:04.578+0000] {processor.py:179} INFO - Processing /opt/airflow/dags/dag.py took 0.033 seconds
[2023-09-03T17:59:14.643+0000] {processor.py:157} INFO - Started process (PID=4961) to work on /opt/airflow/dags/dag.py
[2023-09-03T17:59:14.643+0000] {processor.py:829} INFO - Processing file /opt/airflow/dags/dag.py for tasks to queue
[2023-09-03T17:59:14.645+0000] {logging_mixin.py:151} INFO - [2023-09-03T17:59:14.644+0000] {dagbag.py:539} INFO - Filling up the DagBag from /opt/airflow/dags/dag.py
[2023-09-03T17:59:14.657+0000] {logging_mixin.py:151} INFO - [2023-09-03T17:59:14.656+0000] {dagbag.py:347} ERROR - Failed to import: /opt/airflow/dags/dag.py
Traceback (most recent call last):
  File "/home/airflow/.local/lib/python3.8/site-packages/airflow/models/dagbag.py", line 343, in parse
    loader.exec_module(new_module)
  File "<frozen importlib._bootstrap_external>", line 843, in exec_module
  File "<frozen importlib._bootstrap>", line 219, in _call_with_frames_removed
  File "/opt/airflow/dags/dag.py", line 35, in <module>
    op_args=[task_getn1.output, task_getn1.output * 2],  # Use the output of 'getn1' as input to 'getn2'
TypeError: unsupported operand type(s) for *: 'PlainXComArg' and 'int'
[2023-09-03T17:59:14.658+0000] {processor.py:841} WARNING - No viable dags retrieved from /opt/airflow/dags/dag.py
[2023-09-03T17:59:14.671+0000] {processor.py:179} INFO - Processing /opt/airflow/dags/dag.py took 0.032 seconds
[2023-09-03T17:59:30.798+0000] {processor.py:157} INFO - Started process (PID=4971) to work on /opt/airflow/dags/dag.py
[2023-09-03T17:59:30.799+0000] {processor.py:829} INFO - Processing file /opt/airflow/dags/dag.py for tasks to queue
[2023-09-03T17:59:30.800+0000] {logging_mixin.py:151} INFO - [2023-09-03T17:59:30.799+0000] {dagbag.py:539} INFO - Filling up the DagBag from /opt/airflow/dags/dag.py
[2023-09-03T17:59:30.815+0000] {processor.py:839} INFO - DAG(s) dict_keys(['test']) retrieved from /opt/airflow/dags/dag.py
[2023-09-03T17:59:30.934+0000] {logging_mixin.py:151} INFO - [2023-09-03T17:59:30.934+0000] {dag.py:2907} INFO - Sync 1 DAGs
[2023-09-03T17:59:30.953+0000] {logging_mixin.py:151} INFO - [2023-09-03T17:59:30.953+0000] {dag.py:3677} INFO - Setting next_dagrun for test to 2023-09-03T01:31:00+00:00, run_after=2023-09-03T01:32:00+00:00
[2023-09-03T17:59:30.972+0000] {processor.py:179} INFO - Processing /opt/airflow/dags/dag.py took 0.178 seconds
[2023-09-03T17:59:33.814+0000] {processor.py:157} INFO - Started process (PID=4984) to work on /opt/airflow/dags/dag.py
[2023-09-03T17:59:33.814+0000] {processor.py:829} INFO - Processing file /opt/airflow/dags/dag.py for tasks to queue
[2023-09-03T17:59:33.816+0000] {logging_mixin.py:151} INFO - [2023-09-03T17:59:33.815+0000] {dagbag.py:539} INFO - Filling up the DagBag from /opt/airflow/dags/dag.py
[2023-09-03T17:59:33.829+0000] {processor.py:839} INFO - DAG(s) dict_keys(['test']) retrieved from /opt/airflow/dags/dag.py
[2023-09-03T17:59:33.838+0000] {logging_mixin.py:151} INFO - [2023-09-03T17:59:33.838+0000] {dag.py:2907} INFO - Sync 1 DAGs
[2023-09-03T17:59:33.869+0000] {processor.py:179} INFO - Processing /opt/airflow/dags/dag.py took 0.058 seconds
[2023-09-03T18:00:04.014+0000] {processor.py:157} INFO - Started process (PID=5021) to work on /opt/airflow/dags/dag.py
[2023-09-03T18:00:04.015+0000] {processor.py:829} INFO - Processing file /opt/airflow/dags/dag.py for tasks to queue
[2023-09-03T18:00:04.016+0000] {logging_mixin.py:151} INFO - [2023-09-03T18:00:04.015+0000] {dagbag.py:539} INFO - Filling up the DagBag from /opt/airflow/dags/dag.py
[2023-09-03T18:00:04.028+0000] {processor.py:839} INFO - DAG(s) dict_keys(['test']) retrieved from /opt/airflow/dags/dag.py
[2023-09-03T18:00:04.106+0000] {logging_mixin.py:151} INFO - [2023-09-03T18:00:04.105+0000] {dag.py:2907} INFO - Sync 1 DAGs
[2023-09-03T18:00:04.123+0000] {logging_mixin.py:151} INFO - [2023-09-03T18:00:04.123+0000] {dag.py:3677} INFO - Setting next_dagrun for test to 2023-09-03T18:00:00+00:00, run_after=2023-09-03T18:01:00+00:00
[2023-09-03T18:00:04.138+0000] {processor.py:179} INFO - Processing /opt/airflow/dags/dag.py took 0.126 seconds
[2023-09-03T18:00:34.198+0000] {processor.py:157} INFO - Started process (PID=5038) to work on /opt/airflow/dags/dag.py
[2023-09-03T18:00:34.199+0000] {processor.py:829} INFO - Processing file /opt/airflow/dags/dag.py for tasks to queue
[2023-09-03T18:00:34.200+0000] {logging_mixin.py:151} INFO - [2023-09-03T18:00:34.200+0000] {dagbag.py:539} INFO - Filling up the DagBag from /opt/airflow/dags/dag.py
[2023-09-03T18:00:34.213+0000] {processor.py:839} INFO - DAG(s) dict_keys(['test']) retrieved from /opt/airflow/dags/dag.py
[2023-09-03T18:00:34.292+0000] {logging_mixin.py:151} INFO - [2023-09-03T18:00:34.291+0000] {dag.py:2907} INFO - Sync 1 DAGs
[2023-09-03T18:00:34.301+0000] {logging_mixin.py:151} INFO - [2023-09-03T18:00:34.301+0000] {dag.py:2929} INFO - Creating ORM DAG for test
[2023-09-03T18:00:34.312+0000] {logging_mixin.py:151} INFO - [2023-09-03T18:00:34.312+0000] {dag.py:3677} INFO - Setting next_dagrun for test to 2023-09-03T00:00:00+00:00, run_after=2023-09-03T00:01:00+00:00
[2023-09-03T18:00:34.330+0000] {processor.py:179} INFO - Processing /opt/airflow/dags/dag.py took 0.137 seconds
[2023-09-03T18:01:04.381+0000] {processor.py:157} INFO - Started process (PID=5055) to work on /opt/airflow/dags/dag.py
[2023-09-03T18:01:04.381+0000] {processor.py:829} INFO - Processing file /opt/airflow/dags/dag.py for tasks to queue
[2023-09-03T18:01:04.382+0000] {logging_mixin.py:151} INFO - [2023-09-03T18:01:04.382+0000] {dagbag.py:539} INFO - Filling up the DagBag from /opt/airflow/dags/dag.py
[2023-09-03T18:01:04.396+0000] {processor.py:839} INFO - DAG(s) dict_keys(['test']) retrieved from /opt/airflow/dags/dag.py
[2023-09-03T18:01:04.419+0000] {logging_mixin.py:151} INFO - [2023-09-03T18:01:04.419+0000] {dag.py:2907} INFO - Sync 1 DAGs
[2023-09-03T18:01:04.439+0000] {logging_mixin.py:151} INFO - [2023-09-03T18:01:04.439+0000] {dag.py:3677} INFO - Setting next_dagrun for test to 2023-09-03T00:00:00+00:00, run_after=2023-09-03T00:01:00+00:00
[2023-09-03T18:01:04.453+0000] {processor.py:179} INFO - Processing /opt/airflow/dags/dag.py took 0.076 seconds
[2023-09-03T18:01:34.661+0000] {processor.py:157} INFO - Started process (PID=5072) to work on /opt/airflow/dags/dag.py
[2023-09-03T18:01:34.662+0000] {processor.py:829} INFO - Processing file /opt/airflow/dags/dag.py for tasks to queue
[2023-09-03T18:01:34.663+0000] {logging_mixin.py:151} INFO - [2023-09-03T18:01:34.663+0000] {dagbag.py:539} INFO - Filling up the DagBag from /opt/airflow/dags/dag.py
[2023-09-03T18:01:34.676+0000] {processor.py:839} INFO - DAG(s) dict_keys(['test']) retrieved from /opt/airflow/dags/dag.py
[2023-09-03T18:01:34.697+0000] {logging_mixin.py:151} INFO - [2023-09-03T18:01:34.697+0000] {dag.py:2907} INFO - Sync 1 DAGs
[2023-09-03T18:01:34.715+0000] {logging_mixin.py:151} INFO - [2023-09-03T18:01:34.715+0000] {dag.py:3677} INFO - Setting next_dagrun for test to 2023-09-03T00:00:00+00:00, run_after=2023-09-03T00:01:00+00:00
[2023-09-03T18:01:34.729+0000] {processor.py:179} INFO - Processing /opt/airflow/dags/dag.py took 0.071 seconds
[2023-09-03T18:02:04.890+0000] {processor.py:157} INFO - Started process (PID=5089) to work on /opt/airflow/dags/dag.py
[2023-09-03T18:02:04.891+0000] {processor.py:829} INFO - Processing file /opt/airflow/dags/dag.py for tasks to queue
[2023-09-03T18:02:04.892+0000] {logging_mixin.py:151} INFO - [2023-09-03T18:02:04.891+0000] {dagbag.py:539} INFO - Filling up the DagBag from /opt/airflow/dags/dag.py
[2023-09-03T18:02:04.905+0000] {processor.py:839} INFO - DAG(s) dict_keys(['test']) retrieved from /opt/airflow/dags/dag.py
[2023-09-03T18:02:04.925+0000] {logging_mixin.py:151} INFO - [2023-09-03T18:02:04.925+0000] {dag.py:2907} INFO - Sync 1 DAGs
[2023-09-03T18:02:04.943+0000] {logging_mixin.py:151} INFO - [2023-09-03T18:02:04.943+0000] {dag.py:3677} INFO - Setting next_dagrun for test to 2023-09-03T00:00:00+00:00, run_after=2023-09-03T00:01:00+00:00
[2023-09-03T18:02:04.957+0000] {processor.py:179} INFO - Processing /opt/airflow/dags/dag.py took 0.070 seconds
[2023-09-03T18:02:35.093+0000] {processor.py:157} INFO - Started process (PID=5106) to work on /opt/airflow/dags/dag.py
[2023-09-03T18:02:35.098+0000] {processor.py:829} INFO - Processing file /opt/airflow/dags/dag.py for tasks to queue
[2023-09-03T18:02:35.101+0000] {logging_mixin.py:151} INFO - [2023-09-03T18:02:35.100+0000] {dagbag.py:539} INFO - Filling up the DagBag from /opt/airflow/dags/dag.py
[2023-09-03T18:02:35.116+0000] {processor.py:839} INFO - DAG(s) dict_keys(['test']) retrieved from /opt/airflow/dags/dag.py
[2023-09-03T18:02:35.135+0000] {logging_mixin.py:151} INFO - [2023-09-03T18:02:35.135+0000] {dag.py:2907} INFO - Sync 1 DAGs
[2023-09-03T18:02:35.154+0000] {logging_mixin.py:151} INFO - [2023-09-03T18:02:35.154+0000] {dag.py:3677} INFO - Setting next_dagrun for test to 2023-09-03T00:00:00+00:00, run_after=2023-09-03T00:01:00+00:00
[2023-09-03T18:02:35.169+0000] {processor.py:179} INFO - Processing /opt/airflow/dags/dag.py took 0.080 seconds
[2023-09-03T18:03:05.266+0000] {processor.py:157} INFO - Started process (PID=5123) to work on /opt/airflow/dags/dag.py
[2023-09-03T18:03:05.267+0000] {processor.py:829} INFO - Processing file /opt/airflow/dags/dag.py for tasks to queue
[2023-09-03T18:03:05.268+0000] {logging_mixin.py:151} INFO - [2023-09-03T18:03:05.267+0000] {dagbag.py:539} INFO - Filling up the DagBag from /opt/airflow/dags/dag.py
[2023-09-03T18:03:05.282+0000] {processor.py:839} INFO - DAG(s) dict_keys(['test']) retrieved from /opt/airflow/dags/dag.py
[2023-09-03T18:03:05.304+0000] {logging_mixin.py:151} INFO - [2023-09-03T18:03:05.304+0000] {dag.py:2907} INFO - Sync 1 DAGs
[2023-09-03T18:03:05.324+0000] {logging_mixin.py:151} INFO - [2023-09-03T18:03:05.324+0000] {dag.py:3677} INFO - Setting next_dagrun for test to 2023-09-03T00:00:00+00:00, run_after=2023-09-03T00:01:00+00:00
[2023-09-03T18:03:05.341+0000] {processor.py:179} INFO - Processing /opt/airflow/dags/dag.py took 0.077 seconds
[2023-09-03T18:03:35.508+0000] {processor.py:157} INFO - Started process (PID=5145) to work on /opt/airflow/dags/dag.py
[2023-09-03T18:03:35.509+0000] {processor.py:829} INFO - Processing file /opt/airflow/dags/dag.py for tasks to queue
[2023-09-03T18:03:35.510+0000] {logging_mixin.py:151} INFO - [2023-09-03T18:03:35.509+0000] {dagbag.py:539} INFO - Filling up the DagBag from /opt/airflow/dags/dag.py
[2023-09-03T18:03:35.522+0000] {processor.py:839} INFO - DAG(s) dict_keys(['test']) retrieved from /opt/airflow/dags/dag.py
[2023-09-03T18:03:35.543+0000] {logging_mixin.py:151} INFO - [2023-09-03T18:03:35.543+0000] {dag.py:2907} INFO - Sync 1 DAGs
[2023-09-03T18:03:35.564+0000] {logging_mixin.py:151} INFO - [2023-09-03T18:03:35.564+0000] {dag.py:3677} INFO - Setting next_dagrun for test to 2023-09-03T00:00:00+00:00, run_after=2023-09-03T00:01:00+00:00
[2023-09-03T18:03:35.577+0000] {processor.py:179} INFO - Processing /opt/airflow/dags/dag.py took 0.072 seconds
[2023-09-03T18:04:05.742+0000] {processor.py:157} INFO - Started process (PID=5172) to work on /opt/airflow/dags/dag.py
[2023-09-03T18:04:05.743+0000] {processor.py:829} INFO - Processing file /opt/airflow/dags/dag.py for tasks to queue
[2023-09-03T18:04:05.744+0000] {logging_mixin.py:151} INFO - [2023-09-03T18:04:05.744+0000] {dagbag.py:539} INFO - Filling up the DagBag from /opt/airflow/dags/dag.py
[2023-09-03T18:04:05.757+0000] {processor.py:839} INFO - DAG(s) dict_keys(['test']) retrieved from /opt/airflow/dags/dag.py
[2023-09-03T18:04:05.777+0000] {logging_mixin.py:151} INFO - [2023-09-03T18:04:05.777+0000] {dag.py:2907} INFO - Sync 1 DAGs
[2023-09-03T18:04:05.794+0000] {logging_mixin.py:151} INFO - [2023-09-03T18:04:05.794+0000] {dag.py:3677} INFO - Setting next_dagrun for test to 2023-09-03T00:00:00+00:00, run_after=2023-09-03T00:01:00+00:00
[2023-09-03T18:04:05.808+0000] {processor.py:179} INFO - Processing /opt/airflow/dags/dag.py took 0.072 seconds
[2023-09-03T18:04:36.007+0000] {processor.py:157} INFO - Started process (PID=5199) to work on /opt/airflow/dags/dag.py
[2023-09-03T18:04:36.007+0000] {processor.py:829} INFO - Processing file /opt/airflow/dags/dag.py for tasks to queue
[2023-09-03T18:04:36.008+0000] {logging_mixin.py:151} INFO - [2023-09-03T18:04:36.008+0000] {dagbag.py:539} INFO - Filling up the DagBag from /opt/airflow/dags/dag.py
[2023-09-03T18:04:36.022+0000] {processor.py:839} INFO - DAG(s) dict_keys(['test']) retrieved from /opt/airflow/dags/dag.py
[2023-09-03T18:04:36.042+0000] {logging_mixin.py:151} INFO - [2023-09-03T18:04:36.042+0000] {dag.py:2907} INFO - Sync 1 DAGs
[2023-09-03T18:04:36.060+0000] {logging_mixin.py:151} INFO - [2023-09-03T18:04:36.060+0000] {dag.py:3677} INFO - Setting next_dagrun for test to 2023-09-03T00:00:00+00:00, run_after=2023-09-03T00:01:00+00:00
[2023-09-03T18:04:36.074+0000] {processor.py:179} INFO - Processing /opt/airflow/dags/dag.py took 0.070 seconds
[2023-09-03T18:05:06.178+0000] {processor.py:157} INFO - Started process (PID=5217) to work on /opt/airflow/dags/dag.py
[2023-09-03T18:05:06.179+0000] {processor.py:829} INFO - Processing file /opt/airflow/dags/dag.py for tasks to queue
[2023-09-03T18:05:06.181+0000] {logging_mixin.py:151} INFO - [2023-09-03T18:05:06.180+0000] {dagbag.py:539} INFO - Filling up the DagBag from /opt/airflow/dags/dag.py
[2023-09-03T18:05:06.194+0000] {processor.py:839} INFO - DAG(s) dict_keys(['test']) retrieved from /opt/airflow/dags/dag.py
[2023-09-03T18:05:06.213+0000] {logging_mixin.py:151} INFO - [2023-09-03T18:05:06.213+0000] {dag.py:2907} INFO - Sync 1 DAGs
[2023-09-03T18:05:06.230+0000] {logging_mixin.py:151} INFO - [2023-09-03T18:05:06.230+0000] {dag.py:3677} INFO - Setting next_dagrun for test to 2023-09-03T00:00:00+00:00, run_after=2023-09-03T00:01:00+00:00
[2023-09-03T18:05:06.246+0000] {processor.py:179} INFO - Processing /opt/airflow/dags/dag.py took 0.071 seconds
[2023-09-03T18:05:36.437+0000] {processor.py:157} INFO - Started process (PID=5234) to work on /opt/airflow/dags/dag.py
[2023-09-03T18:05:36.438+0000] {processor.py:829} INFO - Processing file /opt/airflow/dags/dag.py for tasks to queue
[2023-09-03T18:05:36.438+0000] {logging_mixin.py:151} INFO - [2023-09-03T18:05:36.438+0000] {dagbag.py:539} INFO - Filling up the DagBag from /opt/airflow/dags/dag.py
[2023-09-03T18:05:36.451+0000] {processor.py:839} INFO - DAG(s) dict_keys(['test']) retrieved from /opt/airflow/dags/dag.py
[2023-09-03T18:05:36.473+0000] {logging_mixin.py:151} INFO - [2023-09-03T18:05:36.473+0000] {dag.py:2907} INFO - Sync 1 DAGs
[2023-09-03T18:05:36.492+0000] {logging_mixin.py:151} INFO - [2023-09-03T18:05:36.492+0000] {dag.py:3677} INFO - Setting next_dagrun for test to 2023-09-03T00:00:00+00:00, run_after=2023-09-03T00:01:00+00:00
[2023-09-03T18:05:36.506+0000] {processor.py:179} INFO - Processing /opt/airflow/dags/dag.py took 0.072 seconds
[2023-09-03T18:06:06.606+0000] {processor.py:157} INFO - Started process (PID=5251) to work on /opt/airflow/dags/dag.py
[2023-09-03T18:06:06.607+0000] {processor.py:829} INFO - Processing file /opt/airflow/dags/dag.py for tasks to queue
[2023-09-03T18:06:06.608+0000] {logging_mixin.py:151} INFO - [2023-09-03T18:06:06.607+0000] {dagbag.py:539} INFO - Filling up the DagBag from /opt/airflow/dags/dag.py
[2023-09-03T18:06:06.621+0000] {processor.py:839} INFO - DAG(s) dict_keys(['test']) retrieved from /opt/airflow/dags/dag.py
[2023-09-03T18:06:06.643+0000] {logging_mixin.py:151} INFO - [2023-09-03T18:06:06.642+0000] {dag.py:2907} INFO - Sync 1 DAGs
[2023-09-03T18:06:06.663+0000] {logging_mixin.py:151} INFO - [2023-09-03T18:06:06.663+0000] {dag.py:3677} INFO - Setting next_dagrun for test to 2023-09-03T00:00:00+00:00, run_after=2023-09-03T00:01:00+00:00
[2023-09-03T18:06:06.678+0000] {processor.py:179} INFO - Processing /opt/airflow/dags/dag.py took 0.075 seconds
[2023-09-03T18:06:36.878+0000] {processor.py:157} INFO - Started process (PID=5268) to work on /opt/airflow/dags/dag.py
[2023-09-03T18:06:36.879+0000] {processor.py:829} INFO - Processing file /opt/airflow/dags/dag.py for tasks to queue
[2023-09-03T18:06:36.880+0000] {logging_mixin.py:151} INFO - [2023-09-03T18:06:36.879+0000] {dagbag.py:539} INFO - Filling up the DagBag from /opt/airflow/dags/dag.py
[2023-09-03T18:06:36.893+0000] {processor.py:839} INFO - DAG(s) dict_keys(['test']) retrieved from /opt/airflow/dags/dag.py
[2023-09-03T18:06:36.927+0000] {logging_mixin.py:151} INFO - [2023-09-03T18:06:36.926+0000] {dag.py:2907} INFO - Sync 1 DAGs
[2023-09-03T18:06:36.949+0000] {logging_mixin.py:151} INFO - [2023-09-03T18:06:36.949+0000] {dag.py:3677} INFO - Setting next_dagrun for test to 2023-09-03T00:00:00+00:00, run_after=2023-09-03T00:01:00+00:00
[2023-09-03T18:06:36.966+0000] {processor.py:179} INFO - Processing /opt/airflow/dags/dag.py took 0.092 seconds
[2023-09-03T18:07:07.152+0000] {processor.py:157} INFO - Started process (PID=5285) to work on /opt/airflow/dags/dag.py
[2023-09-03T18:07:07.153+0000] {processor.py:829} INFO - Processing file /opt/airflow/dags/dag.py for tasks to queue
[2023-09-03T18:07:07.154+0000] {logging_mixin.py:151} INFO - [2023-09-03T18:07:07.154+0000] {dagbag.py:539} INFO - Filling up the DagBag from /opt/airflow/dags/dag.py
[2023-09-03T18:07:07.167+0000] {processor.py:839} INFO - DAG(s) dict_keys(['test']) retrieved from /opt/airflow/dags/dag.py
[2023-09-03T18:07:07.187+0000] {logging_mixin.py:151} INFO - [2023-09-03T18:07:07.187+0000] {dag.py:2907} INFO - Sync 1 DAGs
[2023-09-03T18:07:07.223+0000] {logging_mixin.py:151} INFO - [2023-09-03T18:07:07.223+0000] {dag.py:3677} INFO - Setting next_dagrun for test to 2023-09-03T00:00:00+00:00, run_after=2023-09-03T00:01:00+00:00
[2023-09-03T18:07:07.275+0000] {processor.py:179} INFO - Processing /opt/airflow/dags/dag.py took 0.126 seconds
[2023-09-03T18:07:37.343+0000] {processor.py:157} INFO - Started process (PID=5302) to work on /opt/airflow/dags/dag.py
[2023-09-03T18:07:37.344+0000] {processor.py:829} INFO - Processing file /opt/airflow/dags/dag.py for tasks to queue
[2023-09-03T18:07:37.345+0000] {logging_mixin.py:151} INFO - [2023-09-03T18:07:37.345+0000] {dagbag.py:539} INFO - Filling up the DagBag from /opt/airflow/dags/dag.py
[2023-09-03T18:07:37.359+0000] {processor.py:839} INFO - DAG(s) dict_keys(['test']) retrieved from /opt/airflow/dags/dag.py
[2023-09-03T18:07:37.379+0000] {logging_mixin.py:151} INFO - [2023-09-03T18:07:37.379+0000] {dag.py:2907} INFO - Sync 1 DAGs
[2023-09-03T18:07:37.397+0000] {logging_mixin.py:151} INFO - [2023-09-03T18:07:37.397+0000] {dag.py:3677} INFO - Setting next_dagrun for test to 2023-09-03T00:00:00+00:00, run_after=2023-09-03T00:01:00+00:00
[2023-09-03T18:07:37.410+0000] {processor.py:179} INFO - Processing /opt/airflow/dags/dag.py took 0.074 seconds
[2023-09-03T18:08:07.559+0000] {processor.py:157} INFO - Started process (PID=5319) to work on /opt/airflow/dags/dag.py
[2023-09-03T18:08:07.560+0000] {processor.py:829} INFO - Processing file /opt/airflow/dags/dag.py for tasks to queue
[2023-09-03T18:08:07.561+0000] {logging_mixin.py:151} INFO - [2023-09-03T18:08:07.560+0000] {dagbag.py:539} INFO - Filling up the DagBag from /opt/airflow/dags/dag.py
[2023-09-03T18:08:07.575+0000] {processor.py:839} INFO - DAG(s) dict_keys(['test']) retrieved from /opt/airflow/dags/dag.py
[2023-09-03T18:08:07.598+0000] {logging_mixin.py:151} INFO - [2023-09-03T18:08:07.597+0000] {dag.py:2907} INFO - Sync 1 DAGs
[2023-09-03T18:08:07.617+0000] {logging_mixin.py:151} INFO - [2023-09-03T18:08:07.617+0000] {dag.py:3677} INFO - Setting next_dagrun for test to 2023-09-03T00:00:00+00:00, run_after=2023-09-03T00:01:00+00:00
[2023-09-03T18:08:07.635+0000] {processor.py:179} INFO - Processing /opt/airflow/dags/dag.py took 0.079 seconds
[2023-09-03T18:08:37.784+0000] {processor.py:157} INFO - Started process (PID=5336) to work on /opt/airflow/dags/dag.py
[2023-09-03T18:08:37.785+0000] {processor.py:829} INFO - Processing file /opt/airflow/dags/dag.py for tasks to queue
[2023-09-03T18:08:37.787+0000] {logging_mixin.py:151} INFO - [2023-09-03T18:08:37.786+0000] {dagbag.py:539} INFO - Filling up the DagBag from /opt/airflow/dags/dag.py
[2023-09-03T18:08:37.799+0000] {processor.py:839} INFO - DAG(s) dict_keys(['test']) retrieved from /opt/airflow/dags/dag.py
[2023-09-03T18:08:37.818+0000] {logging_mixin.py:151} INFO - [2023-09-03T18:08:37.818+0000] {dag.py:2907} INFO - Sync 1 DAGs
[2023-09-03T18:08:37.836+0000] {logging_mixin.py:151} INFO - [2023-09-03T18:08:37.836+0000] {dag.py:3677} INFO - Setting next_dagrun for test to 2023-09-03T00:00:00+00:00, run_after=2023-09-03T00:01:00+00:00
[2023-09-03T18:08:37.849+0000] {processor.py:179} INFO - Processing /opt/airflow/dags/dag.py took 0.070 seconds
[2023-09-03T18:09:07.951+0000] {processor.py:157} INFO - Started process (PID=5353) to work on /opt/airflow/dags/dag.py
[2023-09-03T18:09:07.951+0000] {processor.py:829} INFO - Processing file /opt/airflow/dags/dag.py for tasks to queue
[2023-09-03T18:09:07.953+0000] {logging_mixin.py:151} INFO - [2023-09-03T18:09:07.953+0000] {dagbag.py:539} INFO - Filling up the DagBag from /opt/airflow/dags/dag.py
[2023-09-03T18:09:07.967+0000] {processor.py:839} INFO - DAG(s) dict_keys(['test']) retrieved from /opt/airflow/dags/dag.py
[2023-09-03T18:09:07.989+0000] {logging_mixin.py:151} INFO - [2023-09-03T18:09:07.988+0000] {dag.py:2907} INFO - Sync 1 DAGs
[2023-09-03T18:09:08.008+0000] {logging_mixin.py:151} INFO - [2023-09-03T18:09:08.008+0000] {dag.py:3677} INFO - Setting next_dagrun for test to 2023-09-03T00:00:00+00:00, run_after=2023-09-03T00:01:00+00:00
[2023-09-03T18:09:08.021+0000] {processor.py:179} INFO - Processing /opt/airflow/dags/dag.py took 0.073 seconds
[2023-09-03T18:09:38.153+0000] {processor.py:157} INFO - Started process (PID=5370) to work on /opt/airflow/dags/dag.py
[2023-09-03T18:09:38.154+0000] {processor.py:829} INFO - Processing file /opt/airflow/dags/dag.py for tasks to queue
[2023-09-03T18:09:38.154+0000] {logging_mixin.py:151} INFO - [2023-09-03T18:09:38.154+0000] {dagbag.py:539} INFO - Filling up the DagBag from /opt/airflow/dags/dag.py
[2023-09-03T18:09:38.171+0000] {processor.py:839} INFO - DAG(s) dict_keys(['test']) retrieved from /opt/airflow/dags/dag.py
[2023-09-03T18:09:38.195+0000] {logging_mixin.py:151} INFO - [2023-09-03T18:09:38.195+0000] {dag.py:2907} INFO - Sync 1 DAGs
[2023-09-03T18:09:38.217+0000] {logging_mixin.py:151} INFO - [2023-09-03T18:09:38.217+0000] {dag.py:3677} INFO - Setting next_dagrun for test to 2023-09-03T00:00:00+00:00, run_after=2023-09-03T00:01:00+00:00
[2023-09-03T18:09:38.238+0000] {processor.py:179} INFO - Processing /opt/airflow/dags/dag.py took 0.087 seconds
[2023-09-03T18:10:08.308+0000] {processor.py:157} INFO - Started process (PID=5387) to work on /opt/airflow/dags/dag.py
[2023-09-03T18:10:08.309+0000] {processor.py:829} INFO - Processing file /opt/airflow/dags/dag.py for tasks to queue
[2023-09-03T18:10:08.310+0000] {logging_mixin.py:151} INFO - [2023-09-03T18:10:08.310+0000] {dagbag.py:539} INFO - Filling up the DagBag from /opt/airflow/dags/dag.py
[2023-09-03T18:10:08.325+0000] {processor.py:839} INFO - DAG(s) dict_keys(['test']) retrieved from /opt/airflow/dags/dag.py
[2023-09-03T18:10:08.347+0000] {logging_mixin.py:151} INFO - [2023-09-03T18:10:08.347+0000] {dag.py:2907} INFO - Sync 1 DAGs
[2023-09-03T18:10:08.366+0000] {logging_mixin.py:151} INFO - [2023-09-03T18:10:08.366+0000] {dag.py:3677} INFO - Setting next_dagrun for test to 2023-09-03T00:00:00+00:00, run_after=2023-09-03T00:01:00+00:00
[2023-09-03T18:10:08.380+0000] {processor.py:179} INFO - Processing /opt/airflow/dags/dag.py took 0.075 seconds
[2023-09-03T18:10:38.493+0000] {processor.py:157} INFO - Started process (PID=5404) to work on /opt/airflow/dags/dag.py
[2023-09-03T18:10:38.494+0000] {processor.py:829} INFO - Processing file /opt/airflow/dags/dag.py for tasks to queue
[2023-09-03T18:10:38.495+0000] {logging_mixin.py:151} INFO - [2023-09-03T18:10:38.494+0000] {dagbag.py:539} INFO - Filling up the DagBag from /opt/airflow/dags/dag.py
[2023-09-03T18:10:38.509+0000] {processor.py:839} INFO - DAG(s) dict_keys(['test']) retrieved from /opt/airflow/dags/dag.py
[2023-09-03T18:10:38.530+0000] {logging_mixin.py:151} INFO - [2023-09-03T18:10:38.530+0000] {dag.py:2907} INFO - Sync 1 DAGs
[2023-09-03T18:10:38.548+0000] {logging_mixin.py:151} INFO - [2023-09-03T18:10:38.548+0000] {dag.py:3677} INFO - Setting next_dagrun for test to 2023-09-03T00:00:00+00:00, run_after=2023-09-03T00:01:00+00:00
[2023-09-03T18:10:38.564+0000] {processor.py:179} INFO - Processing /opt/airflow/dags/dag.py took 0.075 seconds
[2023-09-03T18:11:08.735+0000] {processor.py:157} INFO - Started process (PID=5421) to work on /opt/airflow/dags/dag.py
[2023-09-03T18:11:08.736+0000] {processor.py:829} INFO - Processing file /opt/airflow/dags/dag.py for tasks to queue
[2023-09-03T18:11:08.737+0000] {logging_mixin.py:151} INFO - [2023-09-03T18:11:08.736+0000] {dagbag.py:539} INFO - Filling up the DagBag from /opt/airflow/dags/dag.py
[2023-09-03T18:11:08.750+0000] {processor.py:839} INFO - DAG(s) dict_keys(['test']) retrieved from /opt/airflow/dags/dag.py
[2023-09-03T18:11:08.774+0000] {logging_mixin.py:151} INFO - [2023-09-03T18:11:08.774+0000] {dag.py:2907} INFO - Sync 1 DAGs
[2023-09-03T18:11:08.797+0000] {logging_mixin.py:151} INFO - [2023-09-03T18:11:08.796+0000] {dag.py:3677} INFO - Setting next_dagrun for test to 2023-09-03T00:00:00+00:00, run_after=2023-09-03T00:01:00+00:00
[2023-09-03T18:11:08.812+0000] {processor.py:179} INFO - Processing /opt/airflow/dags/dag.py took 0.081 seconds
[2023-09-03T18:11:38.921+0000] {processor.py:157} INFO - Started process (PID=5438) to work on /opt/airflow/dags/dag.py
[2023-09-03T18:11:38.922+0000] {processor.py:829} INFO - Processing file /opt/airflow/dags/dag.py for tasks to queue
[2023-09-03T18:11:38.923+0000] {logging_mixin.py:151} INFO - [2023-09-03T18:11:38.923+0000] {dagbag.py:539} INFO - Filling up the DagBag from /opt/airflow/dags/dag.py
[2023-09-03T18:11:38.937+0000] {processor.py:839} INFO - DAG(s) dict_keys(['test']) retrieved from /opt/airflow/dags/dag.py
[2023-09-03T18:11:38.959+0000] {logging_mixin.py:151} INFO - [2023-09-03T18:11:38.958+0000] {dag.py:2907} INFO - Sync 1 DAGs
[2023-09-03T18:11:38.977+0000] {logging_mixin.py:151} INFO - [2023-09-03T18:11:38.977+0000] {dag.py:3677} INFO - Setting next_dagrun for test to 2023-09-03T00:00:00+00:00, run_after=2023-09-03T00:01:00+00:00
[2023-09-03T18:11:38.992+0000] {processor.py:179} INFO - Processing /opt/airflow/dags/dag.py took 0.075 seconds
[2023-09-03T18:12:09.159+0000] {processor.py:157} INFO - Started process (PID=5455) to work on /opt/airflow/dags/dag.py
[2023-09-03T18:12:09.161+0000] {processor.py:829} INFO - Processing file /opt/airflow/dags/dag.py for tasks to queue
[2023-09-03T18:12:09.162+0000] {logging_mixin.py:151} INFO - [2023-09-03T18:12:09.162+0000] {dagbag.py:539} INFO - Filling up the DagBag from /opt/airflow/dags/dag.py
[2023-09-03T18:12:09.175+0000] {processor.py:839} INFO - DAG(s) dict_keys(['test']) retrieved from /opt/airflow/dags/dag.py
[2023-09-03T18:12:09.194+0000] {logging_mixin.py:151} INFO - [2023-09-03T18:12:09.194+0000] {dag.py:2907} INFO - Sync 1 DAGs
[2023-09-03T18:12:09.211+0000] {logging_mixin.py:151} INFO - [2023-09-03T18:12:09.211+0000] {dag.py:3677} INFO - Setting next_dagrun for test to 2023-09-03T00:00:00+00:00, run_after=2023-09-03T00:01:00+00:00
[2023-09-03T18:12:09.225+0000] {processor.py:179} INFO - Processing /opt/airflow/dags/dag.py took 0.072 seconds
[2023-09-03T18:12:39.416+0000] {processor.py:157} INFO - Started process (PID=5472) to work on /opt/airflow/dags/dag.py
[2023-09-03T18:12:39.416+0000] {processor.py:829} INFO - Processing file /opt/airflow/dags/dag.py for tasks to queue
[2023-09-03T18:12:39.418+0000] {logging_mixin.py:151} INFO - [2023-09-03T18:12:39.418+0000] {dagbag.py:539} INFO - Filling up the DagBag from /opt/airflow/dags/dag.py
[2023-09-03T18:12:39.432+0000] {processor.py:839} INFO - DAG(s) dict_keys(['test']) retrieved from /opt/airflow/dags/dag.py
[2023-09-03T18:12:39.456+0000] {logging_mixin.py:151} INFO - [2023-09-03T18:12:39.456+0000] {dag.py:2907} INFO - Sync 1 DAGs
[2023-09-03T18:12:39.479+0000] {logging_mixin.py:151} INFO - [2023-09-03T18:12:39.479+0000] {dag.py:3677} INFO - Setting next_dagrun for test to 2023-09-03T00:00:00+00:00, run_after=2023-09-03T00:01:00+00:00
[2023-09-03T18:12:39.498+0000] {processor.py:179} INFO - Processing /opt/airflow/dags/dag.py took 0.087 seconds
[2023-09-03T18:13:09.601+0000] {processor.py:157} INFO - Started process (PID=5489) to work on /opt/airflow/dags/dag.py
[2023-09-03T18:13:09.602+0000] {processor.py:829} INFO - Processing file /opt/airflow/dags/dag.py for tasks to queue
[2023-09-03T18:13:09.603+0000] {logging_mixin.py:151} INFO - [2023-09-03T18:13:09.603+0000] {dagbag.py:539} INFO - Filling up the DagBag from /opt/airflow/dags/dag.py
[2023-09-03T18:13:09.617+0000] {processor.py:839} INFO - DAG(s) dict_keys(['test']) retrieved from /opt/airflow/dags/dag.py
[2023-09-03T18:13:09.700+0000] {logging_mixin.py:151} INFO - [2023-09-03T18:13:09.700+0000] {dag.py:2907} INFO - Sync 1 DAGs
[2023-09-03T18:13:09.717+0000] {logging_mixin.py:151} INFO - [2023-09-03T18:13:09.717+0000] {dag.py:3677} INFO - Setting next_dagrun for test to 2023-09-03T00:00:00+00:00, run_after=2023-09-03T00:01:00+00:00
[2023-09-03T18:13:09.732+0000] {processor.py:179} INFO - Processing /opt/airflow/dags/dag.py took 0.135 seconds
[2023-09-03T18:13:39.801+0000] {processor.py:157} INFO - Started process (PID=5506) to work on /opt/airflow/dags/dag.py
[2023-09-03T18:13:39.802+0000] {processor.py:829} INFO - Processing file /opt/airflow/dags/dag.py for tasks to queue
[2023-09-03T18:13:39.803+0000] {logging_mixin.py:151} INFO - [2023-09-03T18:13:39.803+0000] {dagbag.py:539} INFO - Filling up the DagBag from /opt/airflow/dags/dag.py
[2023-09-03T18:13:39.818+0000] {processor.py:839} INFO - DAG(s) dict_keys(['test']) retrieved from /opt/airflow/dags/dag.py
[2023-09-03T18:13:39.839+0000] {logging_mixin.py:151} INFO - [2023-09-03T18:13:39.839+0000] {dag.py:2907} INFO - Sync 1 DAGs
[2023-09-03T18:13:39.859+0000] {logging_mixin.py:151} INFO - [2023-09-03T18:13:39.859+0000] {dag.py:3677} INFO - Setting next_dagrun for test to 2023-09-03T00:00:00+00:00, run_after=2023-09-03T00:01:00+00:00
[2023-09-03T18:13:39.874+0000] {processor.py:179} INFO - Processing /opt/airflow/dags/dag.py took 0.078 seconds
[2023-09-03T18:14:10.022+0000] {processor.py:157} INFO - Started process (PID=5523) to work on /opt/airflow/dags/dag.py
[2023-09-03T18:14:10.023+0000] {processor.py:829} INFO - Processing file /opt/airflow/dags/dag.py for tasks to queue
[2023-09-03T18:14:10.024+0000] {logging_mixin.py:151} INFO - [2023-09-03T18:14:10.023+0000] {dagbag.py:539} INFO - Filling up the DagBag from /opt/airflow/dags/dag.py
[2023-09-03T18:14:10.037+0000] {processor.py:839} INFO - DAG(s) dict_keys(['test']) retrieved from /opt/airflow/dags/dag.py
[2023-09-03T18:14:10.057+0000] {logging_mixin.py:151} INFO - [2023-09-03T18:14:10.057+0000] {dag.py:2907} INFO - Sync 1 DAGs
[2023-09-03T18:14:10.077+0000] {logging_mixin.py:151} INFO - [2023-09-03T18:14:10.077+0000] {dag.py:3677} INFO - Setting next_dagrun for test to 2023-09-03T00:00:00+00:00, run_after=2023-09-03T00:01:00+00:00
[2023-09-03T18:14:10.095+0000] {processor.py:179} INFO - Processing /opt/airflow/dags/dag.py took 0.076 seconds
[2023-09-03T18:14:40.179+0000] {processor.py:157} INFO - Started process (PID=5540) to work on /opt/airflow/dags/dag.py
[2023-09-03T18:14:40.181+0000] {processor.py:829} INFO - Processing file /opt/airflow/dags/dag.py for tasks to queue
[2023-09-03T18:14:40.183+0000] {logging_mixin.py:151} INFO - [2023-09-03T18:14:40.182+0000] {dagbag.py:539} INFO - Filling up the DagBag from /opt/airflow/dags/dag.py
[2023-09-03T18:14:40.201+0000] {processor.py:839} INFO - DAG(s) dict_keys(['test']) retrieved from /opt/airflow/dags/dag.py
[2023-09-03T18:14:40.229+0000] {logging_mixin.py:151} INFO - [2023-09-03T18:14:40.229+0000] {dag.py:2907} INFO - Sync 1 DAGs
[2023-09-03T18:14:40.257+0000] {logging_mixin.py:151} INFO - [2023-09-03T18:14:40.257+0000] {dag.py:3677} INFO - Setting next_dagrun for test to 2023-09-03T00:00:00+00:00, run_after=2023-09-03T00:01:00+00:00
[2023-09-03T18:14:40.272+0000] {processor.py:179} INFO - Processing /opt/airflow/dags/dag.py took 0.097 seconds
[2023-09-03T18:15:10.391+0000] {processor.py:157} INFO - Started process (PID=5573) to work on /opt/airflow/dags/dag.py
[2023-09-03T18:15:10.392+0000] {processor.py:829} INFO - Processing file /opt/airflow/dags/dag.py for tasks to queue
[2023-09-03T18:15:10.393+0000] {logging_mixin.py:151} INFO - [2023-09-03T18:15:10.393+0000] {dagbag.py:539} INFO - Filling up the DagBag from /opt/airflow/dags/dag.py
[2023-09-03T18:15:10.410+0000] {processor.py:839} INFO - DAG(s) dict_keys(['test']) retrieved from /opt/airflow/dags/dag.py
[2023-09-03T18:15:10.429+0000] {logging_mixin.py:151} INFO - [2023-09-03T18:15:10.429+0000] {dag.py:2907} INFO - Sync 1 DAGs
[2023-09-03T18:15:10.447+0000] {logging_mixin.py:151} INFO - [2023-09-03T18:15:10.447+0000] {dag.py:3677} INFO - Setting next_dagrun for test to 2023-09-03T00:00:00+00:00, run_after=2023-09-03T00:01:00+00:00
[2023-09-03T18:15:10.461+0000] {processor.py:179} INFO - Processing /opt/airflow/dags/dag.py took 0.073 seconds
[2023-09-03T18:15:40.613+0000] {processor.py:157} INFO - Started process (PID=5590) to work on /opt/airflow/dags/dag.py
[2023-09-03T18:15:40.615+0000] {processor.py:829} INFO - Processing file /opt/airflow/dags/dag.py for tasks to queue
[2023-09-03T18:15:40.616+0000] {logging_mixin.py:151} INFO - [2023-09-03T18:15:40.616+0000] {dagbag.py:539} INFO - Filling up the DagBag from /opt/airflow/dags/dag.py
[2023-09-03T18:15:40.660+0000] {processor.py:839} INFO - DAG(s) dict_keys(['test']) retrieved from /opt/airflow/dags/dag.py
[2023-09-03T18:15:40.689+0000] {logging_mixin.py:151} INFO - [2023-09-03T18:15:40.689+0000] {dag.py:2907} INFO - Sync 1 DAGs
[2023-09-03T18:15:40.718+0000] {logging_mixin.py:151} INFO - [2023-09-03T18:15:40.717+0000] {dag.py:3677} INFO - Setting next_dagrun for test to 2023-09-03T00:00:00+00:00, run_after=2023-09-03T00:01:00+00:00
[2023-09-03T18:15:42.741+0000] {processor.py:179} INFO - Processing /opt/airflow/dags/dag.py took 2.132 seconds
[2023-09-03T18:16:13.754+0000] {processor.py:157} INFO - Started process (PID=5619) to work on /opt/airflow/dags/dag.py
[2023-09-03T18:16:13.754+0000] {processor.py:829} INFO - Processing file /opt/airflow/dags/dag.py for tasks to queue
[2023-09-03T18:16:13.755+0000] {logging_mixin.py:151} INFO - [2023-09-03T18:16:13.755+0000] {dagbag.py:539} INFO - Filling up the DagBag from /opt/airflow/dags/dag.py
[2023-09-03T18:16:13.771+0000] {processor.py:839} INFO - DAG(s) dict_keys(['test']) retrieved from /opt/airflow/dags/dag.py
[2023-09-03T18:16:13.795+0000] {logging_mixin.py:151} INFO - [2023-09-03T18:16:13.795+0000] {dag.py:2907} INFO - Sync 1 DAGs
[2023-09-03T18:16:13.815+0000] {logging_mixin.py:151} INFO - [2023-09-03T18:16:13.815+0000] {dag.py:3677} INFO - Setting next_dagrun for test to 2023-09-03T00:00:00+00:00, run_after=2023-09-03T00:01:00+00:00
[2023-09-03T18:16:13.832+0000] {processor.py:179} INFO - Processing /opt/airflow/dags/dag.py took 0.081 seconds
[2023-09-03T18:16:44.007+0000] {processor.py:157} INFO - Started process (PID=5636) to work on /opt/airflow/dags/dag.py
[2023-09-03T18:16:44.008+0000] {processor.py:829} INFO - Processing file /opt/airflow/dags/dag.py for tasks to queue
[2023-09-03T18:16:44.009+0000] {logging_mixin.py:151} INFO - [2023-09-03T18:16:44.009+0000] {dagbag.py:539} INFO - Filling up the DagBag from /opt/airflow/dags/dag.py
[2023-09-03T18:16:44.023+0000] {processor.py:839} INFO - DAG(s) dict_keys(['test']) retrieved from /opt/airflow/dags/dag.py
[2023-09-03T18:16:44.043+0000] {logging_mixin.py:151} INFO - [2023-09-03T18:16:44.043+0000] {dag.py:2907} INFO - Sync 1 DAGs
[2023-09-03T18:16:44.066+0000] {logging_mixin.py:151} INFO - [2023-09-03T18:16:44.065+0000] {dag.py:3677} INFO - Setting next_dagrun for test to 2023-09-03T00:00:00+00:00, run_after=2023-09-03T00:01:00+00:00
[2023-09-03T18:16:44.079+0000] {processor.py:179} INFO - Processing /opt/airflow/dags/dag.py took 0.075 seconds
[2023-09-03T18:17:14.251+0000] {processor.py:157} INFO - Started process (PID=5661) to work on /opt/airflow/dags/dag.py
[2023-09-03T18:17:14.253+0000] {processor.py:829} INFO - Processing file /opt/airflow/dags/dag.py for tasks to queue
[2023-09-03T18:17:14.256+0000] {logging_mixin.py:151} INFO - [2023-09-03T18:17:14.256+0000] {dagbag.py:539} INFO - Filling up the DagBag from /opt/airflow/dags/dag.py
[2023-09-03T18:17:14.285+0000] {processor.py:839} INFO - DAG(s) dict_keys(['test']) retrieved from /opt/airflow/dags/dag.py
[2023-09-03T18:17:14.335+0000] {logging_mixin.py:151} INFO - [2023-09-03T18:17:14.334+0000] {dag.py:2907} INFO - Sync 1 DAGs
[2023-09-03T18:17:14.371+0000] {logging_mixin.py:151} INFO - [2023-09-03T18:17:14.371+0000] {dag.py:3677} INFO - Setting next_dagrun for test to 2023-09-03T00:00:00+00:00, run_after=2023-09-03T00:01:00+00:00
[2023-09-03T18:17:14.401+0000] {processor.py:179} INFO - Processing /opt/airflow/dags/dag.py took 0.155 seconds
[2023-09-03T18:17:44.558+0000] {processor.py:157} INFO - Started process (PID=5685) to work on /opt/airflow/dags/dag.py
[2023-09-03T18:17:44.559+0000] {processor.py:829} INFO - Processing file /opt/airflow/dags/dag.py for tasks to queue
[2023-09-03T18:17:44.561+0000] {logging_mixin.py:151} INFO - [2023-09-03T18:17:44.560+0000] {dagbag.py:539} INFO - Filling up the DagBag from /opt/airflow/dags/dag.py
[2023-09-03T18:17:44.574+0000] {processor.py:839} INFO - DAG(s) dict_keys(['test']) retrieved from /opt/airflow/dags/dag.py
[2023-09-03T18:17:44.602+0000] {logging_mixin.py:151} INFO - [2023-09-03T18:17:44.602+0000] {dag.py:2907} INFO - Sync 1 DAGs
[2023-09-03T18:17:44.623+0000] {logging_mixin.py:151} INFO - [2023-09-03T18:17:44.622+0000] {dag.py:3677} INFO - Setting next_dagrun for test to 2023-09-03T00:00:00+00:00, run_after=2023-09-03T00:01:00+00:00
[2023-09-03T18:17:44.636+0000] {processor.py:179} INFO - Processing /opt/airflow/dags/dag.py took 0.081 seconds
[2023-09-03T18:18:14.841+0000] {processor.py:157} INFO - Started process (PID=5709) to work on /opt/airflow/dags/dag.py
[2023-09-03T18:18:14.842+0000] {processor.py:829} INFO - Processing file /opt/airflow/dags/dag.py for tasks to queue
[2023-09-03T18:18:14.843+0000] {logging_mixin.py:151} INFO - [2023-09-03T18:18:14.843+0000] {dagbag.py:539} INFO - Filling up the DagBag from /opt/airflow/dags/dag.py
[2023-09-03T18:18:14.863+0000] {processor.py:839} INFO - DAG(s) dict_keys(['test']) retrieved from /opt/airflow/dags/dag.py
[2023-09-03T18:18:14.891+0000] {logging_mixin.py:151} INFO - [2023-09-03T18:18:14.891+0000] {dag.py:2907} INFO - Sync 1 DAGs
[2023-09-03T18:18:14.912+0000] {logging_mixin.py:151} INFO - [2023-09-03T18:18:14.911+0000] {dag.py:3677} INFO - Setting next_dagrun for test to 2023-09-03T00:00:00+00:00, run_after=2023-09-03T00:01:00+00:00
[2023-09-03T18:18:14.926+0000] {processor.py:179} INFO - Processing /opt/airflow/dags/dag.py took 0.089 seconds
